-------------------------------------------------------------------------------
Test set: test.JsonServiceTest
-------------------------------------------------------------------------------
Tests run: 1, Failures: 1, Errors: 0, Skipped: 0, Time elapsed: 2.152 sec <<< FAILURE!
JsonTest(test.JsonServiceTest)  Time elapsed: 1.862 sec  <<< FAILURE!
java.lang.AssertionError: expected:<200> but was:<200>
	at org.testng.Assert.fail(Assert.java:89)
	at org.testng.Assert.failNotEquals(Assert.java:489)
	at org.testng.Assert.assertEquals(Assert.java:118)
	at org.testng.Assert.assertEquals(Assert.java:160)
	at test.JsonServiceTest.JsonTest(JsonServiceTest.java:35)

